# JRE version: Java(TM) SE Runtime Environment (8.0_241-b07) (build 1.8.0_241-b07)
# Java VM: Java HotSpot(TM) 64-Bit Server VM (25.241-b07 mixed mode windows-amd64 compressed oops)
Heap:
 PSYoungGen      total 153600K, used 5196K [0x00000000f5580000, 0x00000000ff980000, 0x0000000100000000)
  eden space 140800K, 3% used [0x00000000f5580000,0x00000000f5a932d0,0x00000000fdf00000)
  from space 12800K, 0% used [0x00000000fe080000,0x00000000fe080000,0x00000000fed00000)
  to   space 6656K, 0% used [0x00000000ff300000,0x00000000ff300000,0x00000000ff980000)
 ParOldGen       total 175104K, used 19081K [0x00000000e0000000, 0x00000000eab00000, 0x00000000f5580000)
  object space 175104K, 10% used [0x00000000e0000000,0x00000000e12a2430,0x00000000eab00000)
 Metaspace       used 48866K, capacity 52092K, committed 52696K, reserved 1097728K
  class space    used 7139K, capacity 7689K, committed 7896K, reserved 1048576K
GC Heap History (10 events):
Event: 9.086 GC heap before
{Heap before GC invocations=15 (full 4):
 PSYoungGen      total 153600K, used 2244K [0x00000000f5580000, 0x00000000ff980000, 0x0000000100000000)
  eden space 140800K, 0% used [0x00000000f5580000,0x00000000f5580000,0x00000000fdf00000)
  from space 12800K, 17% used [0x00000000fe080000,0x00000000fe2b1340,0x00000000fed00000)
  to   space 6656K, 0% used [0x00000000ff300000,0x00000000ff300000,0x00000000ff980000)
 ParOldGen       total 175104K, used 21765K [0x00000000e0000000, 0x00000000eab00000, 0x00000000f5580000)
  object space 175104K, 12% used [0x00000000e0000000,0x00000000e1541550,0x00000000eab00000)
 Metaspace       used 48624K, capacity 51998K, committed 52056K, reserved 1097728K
  class space    used 7152K, capacity 7736K, committed 7768K, reserved 1048576K
Event: 9.162 GC heap after
Heap after GC invocations=15 (full 4):
 PSYoungGen      total 153600K, used 0K [0x00000000f5580000, 0x00000000ff980000, 0x0000000100000000)
  eden space 140800K, 0% used [0x00000000f5580000,0x00000000f5580000,0x00000000fdf00000)
  from space 12800K, 0% used [0x00000000fe080000,0x00000000fe080000,0x00000000fed00000)
  to   space 6656K, 0% used [0x00000000ff300000,0x00000000ff300000,0x00000000ff980000)
 ParOldGen       total 175104K, used 23231K [0x00000000e0000000, 0x00000000eab00000, 0x00000000f5580000)
  object space 175104K, 13% used [0x00000000e0000000,0x00000000e16aff10,0x00000000eab00000)
 Metaspace       used 48624K, capacity 51998K, committed 52056K, reserved 1095680K
  class space    used 7152K, capacity 7736K, committed 7768K, reserved 1048576K
}
Event: 9.216 GC heap before
{Heap before GC invocations=16 (full 4):
 PSYoungGen      total 153600K, used 4735K [0x00000000f5580000, 0x00000000ff980000, 0x0000000100000000)
  eden space 140800K, 3% used [0x00000000f5580000,0x00000000f5a1fc68,0x00000000fdf00000)
  from space 12800K, 0% used [0x00000000fe080000,0x00000000fe080000,0x00000000fed00000)
  to   space 6656K, 0% used [0x00000000ff300000,0x00000000ff300000,0x00000000ff980000)
 ParOldGen       total 175104K, used 23231K [0x00000000e0000000, 0x00000000eab00000, 0x00000000f5580000)
  object space 175104K, 13% used [0x00000000e0000000,0x00000000e16aff10,0x00000000eab00000)
 Metaspace       used 48944K, capacity 52292K, committed 52440K, reserved 1099776K
  class space    used 7179K, capacity 7769K, committed 7896K, reserved 1048576K
Event: 9.219 GC heap after
Heap after GC invocations=16 (full 4):
 PSYoungGen      total 147456K, used 704K [0x00000000f5580000, 0x00000000ff980000, 0x0000000100000000)
  eden space 140800K, 0% used [0x00000000f5580000,0x00000000f5580000,0x00000000fdf00000)
  from space 6656K, 10% used [0x00000000ff300000,0x00000000ff3b0000,0x00000000ff980000)
  to   space 12800K, 0% used [0x00000000fe080000,0x00000000fe080000,0x00000000fed00000)
 ParOldGen       total 175104K, used 23239K [0x00000000e0000000, 0x00000000eab00000, 0x00000000f5580000)
  object space 175104K, 13% used [0x00000000e0000000,0x00000000e16b1f10,0x00000000eab00000)
 Metaspace       used 48944K, capacity 52292K, committed 52440K, reserved 1099776K
  class space    used 7179K, capacity 7769K, committed 7896K, reserved 1048576K
}
Event: 9.219 GC heap before
{Heap before GC invocations=17 (full 5):
 PSYoungGen      total 147456K, used 704K [0x00000000f5580000, 0x00000000ff980000, 0x0000000100000000)
  eden space 140800K, 0% used [0x00000000f5580000,0x00000000f5580000,0x00000000fdf00000)
  from space 6656K, 10% used [0x00000000ff300000,0x00000000ff3b0000,0x00000000ff980000)
  to   space 12800K, 0% used [0x00000000fe080000,0x00000000fe080000,0x00000000fed00000)
 ParOldGen       total 175104K, used 23239K [0x00000000e0000000, 0x00000000eab00000, 0x00000000f5580000)
  object space 175104K, 13% used [0x00000000e0000000,0x00000000e16b1f10,0x00000000eab00000)
 Metaspace       used 48944K, capacity 52292K, committed 52440K, reserved 1099776K
  class space    used 7179K, capacity 7769K, committed 7896K, reserved 1048576K
Event: 9.258 GC heap after
Heap after GC invocations=17 (full 5):
 PSYoungGen      total 147456K, used 0K [0x00000000f5580000, 0x00000000ff980000, 0x0000000100000000)
  eden space 140800K, 0% used [0x00000000f5580000,0x00000000f5580000,0x00000000fdf00000)
  from space 6656K, 0% used [0x00000000ff300000,0x00000000ff300000,0x00000000ff980000)
  to   space 12800K, 0% used [0x00000000fe080000,0x00000000fe080000,0x00000000fed00000)
 ParOldGen       total 175104K, used 22747K [0x00000000e0000000, 0x00000000eab00000, 0x00000000f5580000)
  object space 175104K, 12% used [0x00000000e0000000,0x00000000e1636ca0,0x00000000eab00000)
 Metaspace       used 48944K, capacity 52292K, committed 52440K, reserved 1097728K
  class space    used 7179K, capacity 7769K, committed 7896K, reserved 1048576K
}
Event: 9.259 GC heap before
{Heap before GC invocations=18 (full 5):
 PSYoungGen      total 147456K, used 0K [0x00000000f5580000, 0x00000000ff980000, 0x0000000100000000)
  eden space 140800K, 0% used [0x00000000f5580000,0x00000000f5580000,0x00000000fdf00000)
  from space 6656K, 0% used [0x00000000ff300000,0x00000000ff300000,0x00000000ff980000)
  to   space 12800K, 0% used [0x00000000fe080000,0x00000000fe080000,0x00000000fed00000)
 ParOldGen       total 175104K, used 22747K [0x00000000e0000000, 0x00000000eab00000, 0x00000000f5580000)
  object space 175104K, 12% used [0x00000000e0000000,0x00000000e1636ca0,0x00000000eab00000)
 Metaspace       used 48944K, capacity 52292K, committed 52440K, reserved 1101824K
  class space    used 7179K, capacity 7769K, committed 7896K, reserved 1048576K
Event: 9.260 GC heap after
Heap after GC invocations=18 (full 5):
 PSYoungGen      total 153600K, used 0K [0x00000000f5580000, 0x00000000ff980000, 0x0000000100000000)
  eden space 140800K, 0% used [0x00000000f5580000,0x00000000f5580000,0x00000000fdf00000)
  from space 12800K, 0% used [0x00000000fe080000,0x00000000fe080000,0x00000000fed00000)
  to   space 6656K, 0% used [0x00000000ff300000,0x00000000ff300000,0x00000000ff980000)
 ParOldGen       total 175104K, used 22747K [0x00000000e0000000, 0x00000000eab00000, 0x00000000f5580000)
  object space 175104K, 12% used [0x00000000e0000000,0x00000000e1636ca0,0x00000000eab00000)
 Metaspace       used 48944K, capacity 52292K, committed 52440K, reserved 1101824K
  class space    used 7179K, capacity 7769K, committed 7896K, reserved 1048576K
}
Event: 9.260 GC heap before
{Heap before GC invocations=19 (full 6):
 PSYoungGen      total 153600K, used 0K [0x00000000f5580000, 0x00000000ff980000, 0x0000000100000000)
  eden space 140800K, 0% used [0x00000000f5580000,0x00000000f5580000,0x00000000fdf00000)
  from space 12800K, 0% used [0x00000000fe080000,0x00000000fe080000,0x00000000fed00000)
  to   space 6656K, 0% used [0x00000000ff300000,0x00000000ff300000,0x00000000ff980000)
 ParOldGen       total 175104K, used 22747K [0x00000000e0000000, 0x00000000eab00000, 0x00000000f5580000)
  object space 175104K, 12% used [0x00000000e0000000,0x00000000e1636ca0,0x00000000eab00000)
 Metaspace       used 48944K, capacity 52292K, committed 52440K, reserved 1101824K
  class space    used 7179K, capacity 7769K, committed 7896K, reserved 1048576K
Event: 9.381 GC heap after
Heap after GC invocations=19 (full 6):
 PSYoungGen      total 153600K, used 0K [0x00000000f5580000, 0x00000000ff980000, 0x0000000100000000)
  eden space 140800K, 0% used [0x00000000f5580000,0x00000000f5580000,0x00000000fdf00000)
  from space 12800K, 0% used [0x00000000fe080000,0x00000000fe080000,0x00000000fed00000)
  to   space 6656K, 0% used [0x00000000ff300000,0x00000000ff300000,0x00000000ff980000)
 ParOldGen       total 175104K, used 19081K [0x00000000e0000000, 0x00000000eab00000, 0x00000000f5580000)
  object space 175104K, 10% used [0x00000000e0000000,0x00000000e12a2430,0x00000000eab00000)
 Metaspace       used 48768K, capacity 51940K, committed 52440K, reserved 1097728K
  class space    used 7133K, capacity 7685K, committed 7896K, reserved 1048576K
}

