# JRE version: Java(TM) SE Runtime Environment (8.0_241-b07) (build 1.8.0_241-b07)
# Java VM: Java HotSpot(TM) 64-Bit Server VM (25.241-b07 mixed mode windows-amd64 compressed oops)
Heap:
 PSYoungGen      total 153600K, used 102046K [0x00000000f5580000, 0x0000000100000000, 0x0000000100000000)
  eden space 136704K, 62% used [0x00000000f5580000,0x00000000fa94dde8,0x00000000fdb00000)
  from space 16896K, 96% used [0x00000000fef00000,0x00000000ffed9d00,0x00000000fff80000)
  to   space 18944K, 0% used [0x00000000fdb00000,0x00000000fdb00000,0x00000000fed80000)
 ParOldGen       total 175104K, used 13207K [0x00000000e0000000, 0x00000000eab00000, 0x00000000f5580000)
  object space 175104K, 7% used [0x00000000e0000000,0x00000000e0ce5e20,0x00000000eab00000)
 Metaspace       used 50637K, capacity 52660K, committed 52736K, reserved 1093632K
  class space    used 7168K, capacity 7612K, committed 7680K, reserved 1048576K
GC Heap History (10 events):
Event: 5.430 GC heap before
{Heap before GC invocations=6 (full 1):
 PSYoungGen      total 141824K, used 131072K [0x00000000f5580000, 0x00000000fea80000, 0x0000000100000000)
  eden space 131072K, 100% used [0x00000000f5580000,0x00000000fd580000,0x00000000fd580000)
  from space 10752K, 0% used [0x00000000fe000000,0x00000000fe000000,0x00000000fea80000)
  to   space 10752K, 0% used [0x00000000fd580000,0x00000000fd580000,0x00000000fe000000)
 ParOldGen       total 175104K, used 6750K [0x00000000e0000000, 0x00000000eab00000, 0x00000000f5580000)
  object space 175104K, 3% used [0x00000000e0000000,0x00000000e0697b78,0x00000000eab00000)
 Metaspace       used 34461K, capacity 35100K, committed 35456K, reserved 1079296K
  class space    used 4704K, capacity 4899K, committed 4992K, reserved 1048576K
Event: 5.449 GC heap after
Heap after GC invocations=6 (full 1):
 PSYoungGen      total 141824K, used 10749K [0x00000000f5580000, 0x0000000100000000, 0x0000000100000000)
  eden space 131072K, 0% used [0x00000000f5580000,0x00000000f5580000,0x00000000fd580000)
  from space 10752K, 99% used [0x00000000fd580000,0x00000000fdfff7b0,0x00000000fe000000)
  to   space 17408K, 0% used [0x00000000fef00000,0x00000000fef00000,0x0000000100000000)
 ParOldGen       total 175104K, used 11659K [0x00000000e0000000, 0x00000000eab00000, 0x00000000f5580000)
  object space 175104K, 6% used [0x00000000e0000000,0x00000000e0b62e60,0x00000000eab00000)
 Metaspace       used 34461K, capacity 35100K, committed 35456K, reserved 1079296K
  class space    used 4704K, capacity 4899K, committed 4992K, reserved 1048576K
}
Event: 5.493 GC heap before
{Heap before GC invocations=7 (full 1):
 PSYoungGen      total 141824K, used 14777K [0x00000000f5580000, 0x0000000100000000, 0x0000000100000000)
  eden space 131072K, 3% used [0x00000000f5580000,0x00000000f596efc8,0x00000000fd580000)
  from space 10752K, 99% used [0x00000000fd580000,0x00000000fdfff7b0,0x00000000fe000000)
  to   space 17408K, 0% used [0x00000000fef00000,0x00000000fef00000,0x0000000100000000)
 ParOldGen       total 175104K, used 11659K [0x00000000e0000000, 0x00000000eab00000, 0x00000000f5580000)
  object space 175104K, 6% used [0x00000000e0000000,0x00000000e0b62e60,0x00000000eab00000)
 Metaspace       used 34637K, capacity 35290K, committed 35456K, reserved 1079296K
  class space    used 4727K, capacity 4936K, committed 4992K, reserved 1048576K
Event: 5.501 GC heap after
Heap after GC invocations=7 (full 1):
 PSYoungGen      total 157696K, used 6799K [0x00000000f5580000, 0x0000000100000000, 0x0000000100000000)
  eden space 140288K, 0% used [0x00000000f5580000,0x00000000f5580000,0x00000000fde80000)
  from space 17408K, 39% used [0x00000000fef00000,0x00000000ff5a3e50,0x0000000100000000)
  to   space 16896K, 0% used [0x00000000fde80000,0x00000000fde80000,0x00000000fef00000)
 ParOldGen       total 175104K, used 11667K [0x00000000e0000000, 0x00000000eab00000, 0x00000000f5580000)
  object space 175104K, 6% used [0x00000000e0000000,0x00000000e0b64e60,0x00000000eab00000)
 Metaspace       used 34637K, capacity 35290K, committed 35456K, reserved 1079296K
  class space    used 4727K, capacity 4936K, committed 4992K, reserved 1048576K
}
Event: 5.501 GC heap before
{Heap before GC invocations=8 (full 2):
 PSYoungGen      total 157696K, used 6799K [0x00000000f5580000, 0x0000000100000000, 0x0000000100000000)
  eden space 140288K, 0% used [0x00000000f5580000,0x00000000f5580000,0x00000000fde80000)
  from space 17408K, 39% used [0x00000000fef00000,0x00000000ff5a3e50,0x0000000100000000)
  to   space 16896K, 0% used [0x00000000fde80000,0x00000000fde80000,0x00000000fef00000)
 ParOldGen       total 175104K, used 11667K [0x00000000e0000000, 0x00000000eab00000, 0x00000000f5580000)
  object space 175104K, 6% used [0x00000000e0000000,0x00000000e0b64e60,0x00000000eab00000)
 Metaspace       used 34637K, capacity 35290K, committed 35456K, reserved 1079296K
  class space    used 4727K, capacity 4936K, committed 4992K, reserved 1048576K
Event: 5.553 GC heap after
Heap after GC invocations=8 (full 2):
 PSYoungGen      total 157696K, used 0K [0x00000000f5580000, 0x0000000100000000, 0x0000000100000000)
  eden space 140288K, 0% used [0x00000000f5580000,0x00000000f5580000,0x00000000fde80000)
  from space 17408K, 0% used [0x00000000fef00000,0x00000000fef00000,0x0000000100000000)
  to   space 16896K, 0% used [0x00000000fde80000,0x00000000fde80000,0x00000000fef00000)
 ParOldGen       total 175104K, used 13199K [0x00000000e0000000, 0x00000000eab00000, 0x00000000f5580000)
  object space 175104K, 7% used [0x00000000e0000000,0x00000000e0ce3e20,0x00000000eab00000)
 Metaspace       used 34621K, capacity 35268K, committed 35456K, reserved 1079296K
  class space    used 4722K, capacity 4930K, committed 4992K, reserved 1048576K
}
Event: 11.199 GC heap before
{Heap before GC invocations=9 (full 2):
 PSYoungGen      total 157696K, used 140288K [0x00000000f5580000, 0x0000000100000000, 0x0000000100000000)
  eden space 140288K, 100% used [0x00000000f5580000,0x00000000fde80000,0x00000000fde80000)
  from space 17408K, 0% used [0x00000000fef00000,0x00000000fef00000,0x0000000100000000)
  to   space 16896K, 0% used [0x00000000fde80000,0x00000000fde80000,0x00000000fef00000)
 ParOldGen       total 175104K, used 13199K [0x00000000e0000000, 0x00000000eab00000, 0x00000000f5580000)
  object space 175104K, 7% used [0x00000000e0000000,0x00000000e0ce3e20,0x00000000eab00000)
 Metaspace       used 42194K, capacity 43468K, committed 43648K, reserved 1087488K
  class space    used 5932K, capacity 6244K, committed 6272K, reserved 1048576K
Event: 11.208 GC heap after
Heap after GC invocations=9 (full 2):
 PSYoungGen      total 157184K, used 11645K [0x00000000f5580000, 0x00000000fff80000, 0x0000000100000000)
  eden space 140288K, 0% used [0x00000000f5580000,0x00000000f5580000,0x00000000fde80000)
  from space 16896K, 68% used [0x00000000fde80000,0x00000000fe9df478,0x00000000fef00000)
  to   space 16896K, 0% used [0x00000000fef00000,0x00000000fef00000,0x00000000fff80000)
 ParOldGen       total 175104K, used 13199K [0x00000000e0000000, 0x00000000eab00000, 0x00000000f5580000)
  object space 175104K, 7% used [0x00000000e0000000,0x00000000e0ce3e20,0x00000000eab00000)
 Metaspace       used 42194K, capacity 43468K, committed 43648K, reserved 1087488K
  class space    used 5932K, capacity 6244K, committed 6272K, reserved 1048576K
}
Event: 12.391 GC heap before
{Heap before GC invocations=10 (full 2):
 PSYoungGen      total 157184K, used 151933K [0x00000000f5580000, 0x00000000fff80000, 0x0000000100000000)
  eden space 140288K, 100% used [0x00000000f5580000,0x00000000fde80000,0x00000000fde80000)
  from space 16896K, 68% used [0x00000000fde80000,0x00000000fe9df478,0x00000000fef00000)
  to   space 16896K, 0% used [0x00000000fef00000,0x00000000fef00000,0x00000000fff80000)
 ParOldGen       total 175104K, used 13199K [0x00000000e0000000, 0x00000000eab00000, 0x00000000f5580000)
  object space 175104K, 7% used [0x00000000e0000000,0x00000000e0ce3e20,0x00000000eab00000)
 Metaspace       used 47894K, capacity 49752K, committed 49920K, reserved 1091584K
  class space    used 6756K, capacity 7148K, committed 7168K, reserved 1048576K
Event: 12.406 GC heap after
Heap after GC invocations=10 (full 2):
 PSYoungGen      total 153600K, used 16231K [0x00000000f5580000, 0x0000000100000000, 0x0000000100000000)
  eden space 136704K, 0% used [0x00000000f5580000,0x00000000f5580000,0x00000000fdb00000)
  from space 16896K, 96% used [0x00000000fef00000,0x00000000ffed9d00,0x00000000fff80000)
  to   space 18944K, 0% used [0x00000000fdb00000,0x00000000fdb00000,0x00000000fed80000)
 ParOldGen       total 175104K, used 13207K [0x00000000e0000000, 0x00000000eab00000, 0x00000000f5580000)
  object space 175104K, 7% used [0x00000000e0000000,0x00000000e0ce5e20,0x00000000eab00000)
 Metaspace       used 47894K, capacity 49752K, committed 49920K, reserved 1091584K
  class space    used 6756K, capacity 7148K, committed 7168K, reserved 1048576K
}

